<?xml version="1.0" encoding="UTF-8"?>
<!-- Generated by org.testng.reporters.JUnitXMLReporter -->
<testsuite ignored="0" hostname="DESKTOP-L558MLK" failures="0" tests="3" name="Default test" time="339.36" errors="0" timestamp="24 Aug 2022 21:49:23 GMT">
  <testcase classname="tic_tac_toe_Game.GamePlayingE2EScenario" name="checkCreatingUser" time="1.248"/>
  <testcase classname="tic_tac_toe_Game.GamePlayingE2EScenario" name="checkCreatingGame" time="0.358"/>
  <testcase classname="tic_tac_toe_Game.GamePlayingE2EScenario" name="checkMakingMove" time="337.522"/>
</testsuite> <!-- Default test -->
