<?xml version="1.0" encoding="UTF-8"?>
<testng-results ignored="0" total="3" passed="3" failed="0" skipped="0">
  <reporter-output>
  </reporter-output>
  <suite started-at="2022-08-24T21:43:43Z" name="Default suite" finished-at="2022-08-24T21:49:23Z" duration-ms="339360">
    <groups>
    </groups>
    <test started-at="2022-08-24T21:43:43Z" name="Default test" finished-at="2022-08-24T21:49:23Z" duration-ms="339360">
      <class name="tic_tac_toe_Game.GamePlayingE2EScenario">
        <test-method is-config="true" signature="setup()[pri:0, instance:tic_tac_toe_Game.GamePlayingE2EScenario@7e990ed7]" started-at="2022-08-24T21:43:43Z" name="setup" finished-at="2022-08-24T21:43:43Z" duration-ms="218" status="PASS">
          <reporter-output>
          </reporter-output>
        </test-method> <!-- setup -->
        <test-method signature="checkCreatingUser()[pri:1, instance:tic_tac_toe_Game.GamePlayingE2EScenario@7e990ed7]" started-at="2022-08-24T21:43:43Z" name="checkCreatingUser" finished-at="2022-08-24T21:43:45Z" duration-ms="1248" status="PASS">
          <reporter-output>
          </reporter-output>
        </test-method> <!-- checkCreatingUser -->
        <test-method signature="checkCreatingGame()[pri:0, instance:tic_tac_toe_Game.GamePlayingE2EScenario@7e990ed7]" started-at="2022-08-24T21:43:45Z" name="checkCreatingGame" finished-at="2022-08-24T21:43:45Z" depends-on-methods="tic_tac_toe_Game.GamePlayingE2EScenario.checkCreatingUser" duration-ms="358" status="PASS">
          <reporter-output>
          </reporter-output>
        </test-method> <!-- checkCreatingGame -->
        <test-method signature="checkMakingMove()[pri:0, instance:tic_tac_toe_Game.GamePlayingE2EScenario@7e990ed7]" started-at="2022-08-24T21:43:45Z" name="checkMakingMove" finished-at="2022-08-24T21:49:23Z" depends-on-methods="tic_tac_toe_Game.GamePlayingE2EScenario.checkCreatingGame" duration-ms="337522" status="PASS">
          <reporter-output>
          </reporter-output>
        </test-method> <!-- checkMakingMove -->
      </class> <!-- tic_tac_toe_Game.GamePlayingE2EScenario -->
    </test> <!-- Default test -->
  </suite> <!-- Default suite -->
</testng-results>
